
=== Fri Aug 21 11:36:23 2020

Packages were changed.
Update Mode: updateDependencies

The following packages were updated:
  com.unity.test-framework from version 1.1.14 to 1.1.16
  com.unity.xr.oculus from version 1.3.4 to 1.4.0

=== Wed Sep 23 18:26:32 2020

Packages were changed.
Update Mode: updateDependencies

The following packages were updated:
  com.unity.ads from version 3.4.7 to 3.4.9
  com.unity.purchasing from version 2.0.6 to 2.1.0
  com.unity.xr.oculus from version 1.4.0 to 1.4.3

=== Thu Dec 17 17:43:52 2020

Packages were changed.
Update Mode: updateDependencies

The following packages were updated:
  com.unity.ads from version 3.4.9 to 3.5.2
  com.unity.ide.vscode from version 1.2.1 to 1.2.3
  com.unity.purchasing from version 2.1.0 to 2.1.1
  com.unity.test-framework from version 1.1.16 to 1.1.19
  com.unity.xr.legacyinputhelpers from version 2.1.4 to 2.1.6
  com.unity.xr.management from version 3.2.13 to 3.2.16
  com.unity.xr.oculus from version 1.4.3 to 1.5.0

=== Thu Jan 14 15:27:23 2021

Packages were changed.
Update Mode: updateDependencies

The following packages were updated:
  com.unity.purchasing from version 2.1.1 to 2.2.1

=== Tue Feb 23 15:52:16 2021

Packages were changed.
Update Mode: updateDependencies

The following packages were updated:
  com.unity.ads from version 3.5.2 to 3.6.1
  com.unity.multiplayer-hlapi from version 1.0.6 to 1.0.8
  com.unity.test-framework from version 1.1.19 to 1.1.22
  com.unity.xr.legacyinputhelpers from version 2.1.6 to 2.1.7
  com.unity.xr.management from version 3.2.16 to 3.2.17

=== Wed Mar 30 11:07:42 2022

Packages were changed.
Update Mode: updateDependencies

The following packages were added:
  com.unity.ide.visualstudio@2.0.11
The following packages were updated:
  com.unity.ads from version 3.6.1 to 3.7.5
  com.unity.analytics from version 3.3.5 to 3.6.11
  com.unity.collab-proxy from version 1.2.16 to 1.12.5
  com.unity.ide.rider from version 1.1.4 to 1.2.1
  com.unity.ide.vscode from version 1.2.3 to 1.2.4
  com.unity.purchasing from version 2.2.1 to 4.0.3
  com.unity.test-framework from version 1.1.22 to 1.1.29
  com.unity.textmeshpro from version 2.0.1 to 2.1.4
  com.unity.timeline from version 1.2.13 to 1.2.18
  com.unity.xr.legacyinputhelpers from version 2.1.7 to 2.1.8
  com.unity.xr.management from version 3.2.17 to 4.0.1
  com.unity.xr.oculus from version 1.5.0 to 1.5.1
